<?xml version="1.0" encoding="UTF-8"?>
<!-- Generated by org.testng.reporters.JUnitReportReporter -->
<testsuite hostname="LAPTOP-I7C0VFGJ" failures="0" tests="2" name="seleniummodule.TestNgPractice" time="0.010" errors="0" timestamp="2023-09-17T14:10:17 IST" skipped="0">
  <testcase classname="seleniummodule.TestNgPractice" name="method2" time="0.008"/>
  <system-out/>
  <testcase classname="seleniummodule.TestNgPractice" name="method1" time="0.002"/>
  <system-out/>
</testsuite> <!-- seleniummodule.TestNgPractice -->
