<?xml version="1.0" encoding="UTF-8"?>
<!-- Generated by org.testng.reporters.JUnitReportReporter -->
<testsuite hostname="LAPTOP-I7C0VFGJ" failures="0" tests="1" name="seleniummodule.TestNgPractice2" time="0.008" errors="0" timestamp="2023-09-17T14:34:20 IST" skipped="0">
  <testcase classname="seleniummodule.TestNgPractice2" name="method2" time="0.008"/>
  <system-out/>
</testsuite> <!-- seleniummodule.TestNgPractice2 -->
